d:\videotutoriales\cursocppgithub\cppbasico234\transitividad\transitividad\x64\debug\string_ebj2cgfzr6faudjm.ifc
d:\videotutoriales\cursocppgithub\cppbasico234\transitividad\transitividad\x64\debug\string_ebj2cgfzr6faudjm.ifc.d.json
d:\videotutoriales\cursocppgithub\cppbasico234\transitividad\transitividad\x64\debug\string_ebj2cgfzr6faudjm.obj
d:\videotutoriales\cursocppgithub\cppbasico234\transitividad\transitividad\x64\debug\iostream_v9208c82lkabd3fk.ifc
d:\videotutoriales\cursocppgithub\cppbasico234\transitividad\transitividad\x64\debug\iostream_v9208c82lkabd3fk.ifc.d.json
d:\videotutoriales\cursocppgithub\cppbasico234\transitividad\transitividad\x64\debug\iostream_v9208c82lkabd3fk.obj
d:\videotutoriales\cursocppgithub\cppbasico234\transitividad\transitividad\x64\debug\persona.cppm.ifc
d:\videotutoriales\cursocppgithub\cppbasico234\transitividad\transitividad\x64\debug\persona.cppm.ifc.d.json
d:\videotutoriales\cursocppgithub\cppbasico234\transitividad\transitividad\x64\debug\persona.cppm.obj
d:\videotutoriales\cursocppgithub\cppbasico234\transitividad\transitividad\x64\debug\vc143.pdb
d:\videotutoriales\cursocppgithub\cppbasico234\transitividad\transitividad\x64\debug\vc143.idb
d:\videotutoriales\cursocppgithub\cppbasico234\transitividad\transitividad\x64\debug\transitividad.obj
d:\videotutoriales\cursocppgithub\cppbasico234\transitividad\x64\debug\transitividad.exe
d:\videotutoriales\cursocppgithub\cppbasico234\transitividad\transitividad\x64\debug\transitividad.ilk
d:\videotutoriales\cursocppgithub\cppbasico234\transitividad\x64\debug\transitividad.pdb
d:\videotutoriales\cursocppgithub\cppbasico234\transitividad\transitividad\x64\debug\string_ebj2cgfzr6faudjm.module.json
d:\videotutoriales\cursocppgithub\cppbasico234\transitividad\transitividad\x64\debug\iostream_v9208c82lkabd3fk.module.json
d:\videotutoriales\cursocppgithub\cppbasico234\transitividad\transitividad\x64\debug\persona.cppm.module.json
d:\videotutoriales\cursocppgithub\cppbasico234\transitividad\transitividad\x64\debug\transitividad.tlog\cl.command.1.tlog
d:\videotutoriales\cursocppgithub\cppbasico234\transitividad\transitividad\x64\debug\transitividad.tlog\cl.read.1.tlog
d:\videotutoriales\cursocppgithub\cppbasico234\transitividad\transitividad\x64\debug\transitividad.tlog\cl.write.1.tlog
d:\videotutoriales\cursocppgithub\cppbasico234\transitividad\transitividad\x64\debug\transitividad.tlog\link.command.1.tlog
d:\videotutoriales\cursocppgithub\cppbasico234\transitividad\transitividad\x64\debug\transitividad.tlog\link.read.1.tlog
d:\videotutoriales\cursocppgithub\cppbasico234\transitividad\transitividad\x64\debug\transitividad.tlog\link.write.1.tlog
d:\videotutoriales\cursocppgithub\cppbasico234\transitividad\transitividad\x64\debug\transitividad_md.tlog\cl.command.1.tlog
d:\videotutoriales\cursocppgithub\cppbasico234\transitividad\transitividad\x64\debug\transitividad_md.tlog\microsoft.build.cpptasks.cl.read.1.tlog
d:\videotutoriales\cursocppgithub\cppbasico234\transitividad\transitividad\x64\debug\transitividad_md.tlog\microsoft.build.cpptasks.cl.write.1.tlog
