d:\videotutoriales\cursocppgithub\cppbasico234\comparacion\comparacion\x64\debug\vc143.pdb
d:\videotutoriales\cursocppgithub\cppbasico234\comparacion\comparacion\x64\debug\vc143.idb
d:\videotutoriales\cursocppgithub\cppbasico234\comparacion\comparacion\x64\debug\comparacion.obj
d:\videotutoriales\cursocppgithub\cppbasico234\comparacion\comparacion\x64\debug\iostream_v9208c82lkabd3fk.ifc
d:\videotutoriales\cursocppgithub\cppbasico234\comparacion\comparacion\x64\debug\iostream_v9208c82lkabd3fk.ifc.d.json
d:\videotutoriales\cursocppgithub\cppbasico234\comparacion\comparacion\x64\debug\iostream_v9208c82lkabd3fk.obj
d:\videotutoriales\cursocppgithub\cppbasico234\comparacion\comparacion\x64\debug\comparacion.cppm.ifc
d:\videotutoriales\cursocppgithub\cppbasico234\comparacion\comparacion\x64\debug\comparacion.cppm.ifc.d.json
d:\videotutoriales\cursocppgithub\cppbasico234\comparacion\comparacion\x64\debug\comparacion.cppm.obj
d:\videotutoriales\cursocppgithub\cppbasico234\comparacion\comparacion\x64\debug\comparacion.ilk
d:\videotutoriales\cursocppgithub\cppbasico234\comparacion\x64\debug\comparacion.exe
d:\videotutoriales\cursocppgithub\cppbasico234\comparacion\x64\debug\comparacion.pdb
d:\videotutoriales\cursocppgithub\cppbasico234\comparacion\comparacion\x64\debug\comparacion.cppm.module.json
d:\videotutoriales\cursocppgithub\cppbasico234\comparacion\comparacion\x64\debug\iostream_v9208c82lkabd3fk.module.json
d:\videotutoriales\cursocppgithub\cppbasico234\comparacion\comparacion\x64\debug\comparacion.tlog\cl.command.1.tlog
d:\videotutoriales\cursocppgithub\cppbasico234\comparacion\comparacion\x64\debug\comparacion.tlog\cl.read.1.tlog
d:\videotutoriales\cursocppgithub\cppbasico234\comparacion\comparacion\x64\debug\comparacion.tlog\cl.write.1.tlog
d:\videotutoriales\cursocppgithub\cppbasico234\comparacion\comparacion\x64\debug\comparacion.tlog\link.command.1.tlog
d:\videotutoriales\cursocppgithub\cppbasico234\comparacion\comparacion\x64\debug\comparacion.tlog\link.read.1.tlog
d:\videotutoriales\cursocppgithub\cppbasico234\comparacion\comparacion\x64\debug\comparacion.tlog\link.write.1.tlog
d:\videotutoriales\cursocppgithub\cppbasico234\comparacion\comparacion\x64\debug\comparacion_md.tlog\cl.command.1.tlog
d:\videotutoriales\cursocppgithub\cppbasico234\comparacion\comparacion\x64\debug\comparacion_md.tlog\microsoft.build.cpptasks.cl.read.1.tlog
d:\videotutoriales\cursocppgithub\cppbasico234\comparacion\comparacion\x64\debug\comparacion_md.tlog\microsoft.build.cpptasks.cl.write.1.tlog
